#! /usr/local/Cellar/icarus-verilog/10.3/bin/vvp
:ivl_version "10.3 (stable)" "(v10_3)";
:ivl_delay_selection "TYPICAL";
:vpi_time_precision + 0;
:vpi_module "system";
:vpi_module "vhdl_sys";
:vpi_module "v2005_math";
:vpi_module "va_math";
S_0x7fb437d00bc0 .scope module, "EXREG" "EXREG" 2 1;
 .timescale 0 0;
    .port_info 0 /INPUT 4 "ALUCONTROLOUT_ID"
    .port_info 1 /INPUT 1 "AMUX_ID"
    .port_info 2 /INPUT 2 "BMUX_ID"
    .port_info 3 /INPUT 1 "CLK"
    .port_info 4 /OUTPUT 4 "ALUCONTROLOUT_EX"
    .port_info 5 /OUTPUT 1 "AMUX_EX"
    .port_info 6 /OUTPUT 1 "BMUX_EX"
L_0x7fb437d15190 .functor BUFZ 4, v0x7fb437d14ed0_0, C4<0000>, C4<0000>, C4<0000>;
L_0x7fb437d15230 .functor BUFZ 1, v0x7fb437d14f80_0, C4<0>, C4<0>, C4<0>;
L_0x7fb437d152c0 .functor BUFZ 1, v0x7fb437d15090_0, C4<0>, C4<0>, C4<0>;
v0x7fb437d042a0_0 .net "ALUCONTROLOUT_EX", 3 0, L_0x7fb437d15190;  1 drivers
o0x110091038 .functor BUFZ 4, C4<zzzz>; HiZ drive
v0x7fb437d14ac0_0 .net "ALUCONTROLOUT_ID", 3 0, o0x110091038;  0 drivers
v0x7fb437d14b60_0 .net "AMUX_EX", 0 0, L_0x7fb437d15230;  1 drivers
o0x110091098 .functor BUFZ 1, C4<z>; HiZ drive
v0x7fb437d14c10_0 .net "AMUX_ID", 0 0, o0x110091098;  0 drivers
v0x7fb437d14ca0_0 .net "BMUX_EX", 0 0, L_0x7fb437d152c0;  1 drivers
o0x1100910f8 .functor BUFZ 2, C4<zz>; HiZ drive
v0x7fb437d14d80_0 .net "BMUX_ID", 1 0, o0x1100910f8;  0 drivers
o0x110091128 .functor BUFZ 1, C4<z>; HiZ drive
v0x7fb437d14e30_0 .net "CLK", 0 0, o0x110091128;  0 drivers
v0x7fb437d14ed0_0 .var "_ALUCONTROLOUT", 3 0;
v0x7fb437d14f80_0 .var "_AMUX", 0 0;
v0x7fb437d15090_0 .var "_BMUX", 0 0;
E_0x7fb437d02e90 .event posedge, v0x7fb437d14e30_0;
    .scope S_0x7fb437d00bc0;
T_0 ;
    %pushi/vec4 0, 0, 4;
    %store/vec4 v0x7fb437d14ed0_0, 0, 4;
    %pushi/vec4 0, 0, 1;
    %store/vec4 v0x7fb437d14f80_0, 0, 1;
    %pushi/vec4 0, 0, 1;
    %store/vec4 v0x7fb437d15090_0, 0, 1;
    %end;
    .thread T_0;
    .scope S_0x7fb437d00bc0;
T_1 ;
    %wait E_0x7fb437d02e90;
    %load/vec4 v0x7fb437d14ac0_0;
    %store/vec4 v0x7fb437d14ed0_0, 0, 4;
    %load/vec4 v0x7fb437d14c10_0;
    %store/vec4 v0x7fb437d14f80_0, 0, 1;
    %load/vec4 v0x7fb437d14d80_0;
    %pad/u 1;
    %store/vec4 v0x7fb437d15090_0, 0, 1;
    %jmp T_1;
    .thread T_1;
# The file index is used to find the file name in the following table.
:file_names 3;
    "N/A";
    "<interactive>";
    "exreg.v";
