#! /usr/local/Cellar/icarus-verilog/10.3/bin/vvp
:ivl_version "10.3 (stable)" "(v10_3)";
:ivl_delay_selection "TYPICAL";
:vpi_time_precision + 0;
:vpi_module "system";
:vpi_module "vhdl_sys";
:vpi_module "v2005_math";
:vpi_module "va_math";
S_0x7fe901500780 .scope module, "ISJALR" "ISJALR" 2 1;
 .timescale 0 0;
    .port_info 0 /INPUT 32 "A"
    .port_info 1 /INPUT 32 "IMM"
    .port_info 2 /OUTPUT 32 "JALR_OUT"
o0x110112008 .functor BUFZ 32, C4<zzzzzzzzzzzzzzzzzzzzzzzzzzzzzzzz>; HiZ drive
v0x7fe901500970_0 .net "A", 31 0, o0x110112008;  0 drivers
o0x110112038 .functor BUFZ 32, C4<zzzzzzzzzzzzzzzzzzzzzzzzzzzzzzzz>; HiZ drive
v0x7fe901510a30_0 .net "IMM", 31 0, o0x110112038;  0 drivers
v0x7fe901510ad0_0 .net "JALR_OUT", 31 0, L_0x7fe901510d40;  1 drivers
v0x7fe901510b80_0 .var "_JALR_OUT", 0 0;
L_0x110143008 .functor BUFT 1, C4<0000000000000000000000000000000>, C4<0>, C4<0>, C4<0>;
v0x7fe901510c20_0 .net *"_s3", 30 0, L_0x110143008;  1 drivers
E_0x7fe901500930 .event edge, v0x7fe901500970_0, v0x7fe901510a30_0;
L_0x7fe901510d40 .concat [ 1 31 0 0], v0x7fe901510b80_0, L_0x110143008;
    .scope S_0x7fe901500780;
T_0 ;
    %pushi/vec4 0, 0, 1;
    %store/vec4 v0x7fe901510b80_0, 0, 1;
    %end;
    .thread T_0;
    .scope S_0x7fe901500780;
T_1 ;
    %wait E_0x7fe901500930;
    %load/vec4 v0x7fe901500970_0;
    %load/vec4 v0x7fe901510a30_0;
    %add;
    %pushi/vec4 4294967294, 0, 32;
    %and;
    %pad/u 1;
    %store/vec4 v0x7fe901510b80_0, 0, 1;
    %jmp T_1;
    .thread T_1, $push;
# The file index is used to find the file name in the following table.
:file_names 3;
    "N/A";
    "<interactive>";
    "isJALR.v";
