#! /usr/local/Cellar/icarus-verilog/10.3/bin/vvp
:ivl_version "10.3 (stable)" "(v10_3)";
:ivl_delay_selection "TYPICAL";
:vpi_time_precision + 0;
:vpi_module "system";
:vpi_module "vhdl_sys";
:vpi_module "v2005_math";
:vpi_module "va_math";
S_0x7fbf5ed003b0 .scope module, "CONTROL" "CONTROL" 2 1;
 .timescale 0 0;
    .port_info 0 /INPUT 32 "_Instruction"
    .port_info 1 /OUTPUT 1 "_ALUIMUX"
    .port_info 2 /OUTPUT 4 "_ALUI"
    .port_info 3 /OUTPUT 4 "_ALUR"
    .port_info 4 /OUTPUT 1 "_BRANCH"
    .port_info 5 /OUTPUT 2 "_REMUX"
    .port_info 6 /OUTPUT 3 "_LFUNCT"
    .port_info 7 /OUTPUT 1 "_ISJALR"
    .port_info 8 /OUTPUT 1 "_ISJUMP"
    .port_info 9 /OUTPUT 1 "_D_MEM_WEN"
    .port_info 10 /OUTPUT 4 "_D_MEM_BE"
    .port_info 11 /OUTPUT 1 "_RF_WE"
    .port_info 12 /OUTPUT 5 "_RF_RA1"
    .port_info 13 /OUTPUT 5 "_RF_RA2"
    .port_info 14 /OUTPUT 5 "_RF_WA1"
    .port_info 15 /OUTPUT 32 "_IMM"
L_0x7fbf5ed11eb0 .functor BUFZ 1, v0x7fbf5ed107b0_0, C4<0>, C4<0>, C4<0>;
L_0x7fbf5ed11f50 .functor BUFZ 4, v0x7fbf5ed00710_0, C4<0000>, C4<0000>, C4<0000>;
L_0x7fbf5ed11fc0 .functor BUFZ 4, v0x7fbf5ed10850_0, C4<0000>, C4<0000>, C4<0000>;
L_0x7fbf5ed12070 .functor BUFZ 1, v0x7fbf5ed10910_0, C4<0>, C4<0>, C4<0>;
L_0x7fbf5ed12120 .functor BUFZ 2, v0x7fbf5ed10ef0_0, C4<00>, C4<00>, C4<00>;
L_0x7fbf5ed12200 .functor BUFZ 3, v0x7fbf5ed10e40_0, C4<000>, C4<000>, C4<000>;
L_0x7fbf5ed12290 .functor BUFZ 1, v0x7fbf5ed10aa0_0, C4<0>, C4<0>, C4<0>;
L_0x7fbf5ed12380 .functor BUFZ 4, v0x7fbf5ed109b0_0, C4<0000>, C4<0000>, C4<0000>;
L_0x7fbf5ed12410 .functor BUFZ 1, v0x7fbf5ed111b0_0, C4<0>, C4<0>, C4<0>;
L_0x7fbf5ed12510 .functor BUFZ 5, v0x7fbf5ed10fa0_0, C4<00000>, C4<00000>, C4<00000>;
L_0x7fbf5ed125a0 .functor BUFZ 5, v0x7fbf5ed11050_0, C4<00000>, C4<00000>, C4<00000>;
L_0x7fbf5ed12690 .functor BUFZ 5, v0x7fbf5ed11100_0, C4<00000>, C4<00000>, C4<00000>;
L_0x7fbf5ed12720 .functor BUFZ 32, v0x7fbf5ed10b40_0, C4<00000000000000000000000000000000>, C4<00000000000000000000000000000000>, C4<00000000000000000000000000000000>;
L_0x7fbf5ed12820 .functor BUFZ 1, v0x7fbf5ed10bf0_0, C4<0>, C4<0>, C4<0>;
L_0x7fbf5ed128b0 .functor BUFZ 1, v0x7fbf5ed10c90_0, C4<0>, C4<0>, C4<0>;
v0x7fbf5ed00710_0 .var "ALUI", 3 0;
v0x7fbf5ed107b0_0 .var "ALUIMUX", 0 0;
v0x7fbf5ed10850_0 .var "ALUR", 3 0;
v0x7fbf5ed10910_0 .var "BRANCH", 0 0;
v0x7fbf5ed109b0_0 .var "D_MEM_BE", 3 0;
v0x7fbf5ed10aa0_0 .var "D_MEM_WEN", 0 0;
v0x7fbf5ed10b40_0 .var "IMM", 31 0;
v0x7fbf5ed10bf0_0 .var "ISJALR", 0 0;
v0x7fbf5ed10c90_0 .var "ISJUMP", 0 0;
v0x7fbf5ed10da0_0 .var "Instruction", 31 0;
v0x7fbf5ed10e40_0 .var "LFUNCT", 2 0;
v0x7fbf5ed10ef0_0 .var "REMUX", 1 0;
v0x7fbf5ed10fa0_0 .var "RF_RA1", 4 0;
v0x7fbf5ed11050_0 .var "RF_RA2", 4 0;
v0x7fbf5ed11100_0 .var "RF_WA1", 4 0;
v0x7fbf5ed111b0_0 .var "RF_WE", 0 0;
v0x7fbf5ed11250_0 .net "_ALUI", 3 0, L_0x7fbf5ed11f50;  1 drivers
v0x7fbf5ed113e0_0 .net "_ALUIMUX", 0 0, L_0x7fbf5ed11eb0;  1 drivers
v0x7fbf5ed11470_0 .net "_ALUR", 3 0, L_0x7fbf5ed11fc0;  1 drivers
v0x7fbf5ed11510_0 .net "_BRANCH", 0 0, L_0x7fbf5ed12070;  1 drivers
v0x7fbf5ed115b0_0 .net "_D_MEM_BE", 3 0, L_0x7fbf5ed12380;  1 drivers
v0x7fbf5ed11660_0 .net "_D_MEM_WEN", 0 0, L_0x7fbf5ed12290;  1 drivers
v0x7fbf5ed11700_0 .net "_IMM", 31 0, L_0x7fbf5ed12720;  1 drivers
v0x7fbf5ed117b0_0 .net "_ISJALR", 0 0, L_0x7fbf5ed12820;  1 drivers
v0x7fbf5ed11850_0 .net "_ISJUMP", 0 0, L_0x7fbf5ed128b0;  1 drivers
o0x1041ae4b8 .functor BUFZ 32, C4<zzzzzzzzzzzzzzzzzzzzzzzzzzzzzzzz>; HiZ drive
v0x7fbf5ed118f0_0 .net "_Instruction", 31 0, o0x1041ae4b8;  0 drivers
v0x7fbf5ed119a0_0 .net "_LFUNCT", 2 0, L_0x7fbf5ed12200;  1 drivers
v0x7fbf5ed11a50_0 .net "_REMUX", 1 0, L_0x7fbf5ed12120;  1 drivers
v0x7fbf5ed11b00_0 .net "_RF_RA1", 4 0, L_0x7fbf5ed12510;  1 drivers
v0x7fbf5ed11bb0_0 .net "_RF_RA2", 4 0, L_0x7fbf5ed125a0;  1 drivers
v0x7fbf5ed11c60_0 .net "_RF_WA1", 4 0, L_0x7fbf5ed12690;  1 drivers
v0x7fbf5ed11d10_0 .net "_RF_WE", 0 0, L_0x7fbf5ed12410;  1 drivers
E_0x7fbf5ed00140 .event edge, v0x7fbf5ed118f0_0, v0x7fbf5ed10da0_0, v0x7fbf5ed10b40_0;
    .scope S_0x7fbf5ed003b0;
T_0 ;
    %pushi/vec4 0, 0, 32;
    %store/vec4 v0x7fbf5ed10da0_0, 0, 32;
    %pushi/vec4 0, 0, 1;
    %store/vec4 v0x7fbf5ed107b0_0, 0, 1;
    %pushi/vec4 0, 0, 4;
    %store/vec4 v0x7fbf5ed00710_0, 0, 4;
    %pushi/vec4 0, 0, 4;
    %store/vec4 v0x7fbf5ed10850_0, 0, 4;
    %pushi/vec4 0, 0, 1;
    %store/vec4 v0x7fbf5ed10910_0, 0, 1;
    %pushi/vec4 0, 0, 2;
    %store/vec4 v0x7fbf5ed10ef0_0, 0, 2;
    %pushi/vec4 0, 0, 3;
    %store/vec4 v0x7fbf5ed10e40_0, 0, 3;
    %pushi/vec4 0, 0, 1;
    %store/vec4 v0x7fbf5ed10bf0_0, 0, 1;
    %pushi/vec4 0, 0, 1;
    %store/vec4 v0x7fbf5ed10c90_0, 0, 1;
    %pushi/vec4 1, 0, 1;
    %store/vec4 v0x7fbf5ed10aa0_0, 0, 1;
    %pushi/vec4 0, 0, 4;
    %store/vec4 v0x7fbf5ed109b0_0, 0, 4;
    %pushi/vec4 0, 0, 1;
    %store/vec4 v0x7fbf5ed111b0_0, 0, 1;
    %pushi/vec4 0, 0, 5;
    %store/vec4 v0x7fbf5ed10fa0_0, 0, 5;
    %pushi/vec4 0, 0, 5;
    %store/vec4 v0x7fbf5ed11050_0, 0, 5;
    %pushi/vec4 0, 0, 5;
    %store/vec4 v0x7fbf5ed11100_0, 0, 5;
    %pushi/vec4 0, 0, 32;
    %store/vec4 v0x7fbf5ed10b40_0, 0, 32;
    %end;
    .thread T_0;
    .scope S_0x7fbf5ed003b0;
T_1 ;
    %wait E_0x7fbf5ed00140;
    %load/vec4 v0x7fbf5ed118f0_0;
    %store/vec4 v0x7fbf5ed10da0_0, 0, 32;
    %load/vec4 v0x7fbf5ed10da0_0;
    %parti/s 7, 0, 2;
    %dup/vec4;
    %pushi/vec4 55, 0, 7;
    %cmp/u;
    %jmp/1 T_1.0, 6;
    %dup/vec4;
    %pushi/vec4 23, 0, 7;
    %cmp/u;
    %jmp/1 T_1.1, 6;
    %dup/vec4;
    %pushi/vec4 111, 0, 7;
    %cmp/u;
    %jmp/1 T_1.2, 6;
    %dup/vec4;
    %pushi/vec4 103, 0, 7;
    %cmp/u;
    %jmp/1 T_1.3, 6;
    %dup/vec4;
    %pushi/vec4 99, 0, 7;
    %cmp/u;
    %jmp/1 T_1.4, 6;
    %dup/vec4;
    %pushi/vec4 3, 0, 7;
    %cmp/u;
    %jmp/1 T_1.5, 6;
    %dup/vec4;
    %pushi/vec4 35, 0, 7;
    %cmp/u;
    %jmp/1 T_1.6, 6;
    %dup/vec4;
    %pushi/vec4 19, 0, 7;
    %cmp/u;
    %jmp/1 T_1.7, 6;
    %dup/vec4;
    %pushi/vec4 51, 0, 7;
    %cmp/u;
    %jmp/1 T_1.8, 6;
    %jmp T_1.9;
T_1.0 ;
    %pushi/vec4 1, 0, 1;
    %store/vec4 v0x7fbf5ed10aa0_0, 0, 1;
    %pushi/vec4 0, 0, 1;
    %store/vec4 v0x7fbf5ed10910_0, 0, 1;
    %pushi/vec4 1, 0, 1;
    %store/vec4 v0x7fbf5ed111b0_0, 0, 1;
    %pushi/vec4 1, 0, 2;
    %store/vec4 v0x7fbf5ed10ef0_0, 0, 2;
    %load/vec4 v0x7fbf5ed10da0_0;
    %parti/s 5, 7, 4;
    %store/vec4 v0x7fbf5ed11100_0, 0, 5;
    %load/vec4 v0x7fbf5ed10da0_0;
    %parti/s 20, 12, 5;
    %ix/load 4, 12, 0;
    %flag_set/imm 4, 0;
    %store/vec4 v0x7fbf5ed10b40_0, 4, 20;
    %pushi/vec4 0, 0, 12;
    %ix/load 4, 0, 0;
    %flag_set/imm 4, 0;
    %store/vec4 v0x7fbf5ed10b40_0, 4, 12;
    %pushi/vec4 0, 0, 1;
    %store/vec4 v0x7fbf5ed10bf0_0, 0, 1;
    %pushi/vec4 0, 0, 1;
    %store/vec4 v0x7fbf5ed10c90_0, 0, 1;
    %jmp T_1.9;
T_1.1 ;
    %pushi/vec4 0, 0, 1;
    %store/vec4 v0x7fbf5ed107b0_0, 0, 1;
    %pushi/vec4 0, 0, 4;
    %store/vec4 v0x7fbf5ed00710_0, 0, 4;
    %pushi/vec4 1, 0, 1;
    %store/vec4 v0x7fbf5ed10aa0_0, 0, 1;
    %pushi/vec4 0, 0, 1;
    %store/vec4 v0x7fbf5ed10910_0, 0, 1;
    %pushi/vec4 1, 0, 1;
    %store/vec4 v0x7fbf5ed111b0_0, 0, 1;
    %pushi/vec4 1, 0, 2;
    %store/vec4 v0x7fbf5ed10ef0_0, 0, 2;
    %load/vec4 v0x7fbf5ed10da0_0;
    %parti/s 5, 7, 4;
    %store/vec4 v0x7fbf5ed11100_0, 0, 5;
    %load/vec4 v0x7fbf5ed10da0_0;
    %parti/s 20, 12, 5;
    %ix/load 4, 12, 0;
    %flag_set/imm 4, 0;
    %store/vec4 v0x7fbf5ed10b40_0, 4, 20;
    %pushi/vec4 0, 0, 12;
    %ix/load 4, 0, 0;
    %flag_set/imm 4, 0;
    %store/vec4 v0x7fbf5ed10b40_0, 4, 12;
    %pushi/vec4 0, 0, 1;
    %store/vec4 v0x7fbf5ed10bf0_0, 0, 1;
    %pushi/vec4 0, 0, 1;
    %store/vec4 v0x7fbf5ed10c90_0, 0, 1;
    %jmp T_1.9;
T_1.2 ;
    %pushi/vec4 0, 0, 1;
    %store/vec4 v0x7fbf5ed107b0_0, 0, 1;
    %pushi/vec4 0, 0, 4;
    %store/vec4 v0x7fbf5ed00710_0, 0, 4;
    %pushi/vec4 1, 0, 1;
    %store/vec4 v0x7fbf5ed10aa0_0, 0, 1;
    %pushi/vec4 0, 0, 1;
    %store/vec4 v0x7fbf5ed10910_0, 0, 1;
    %pushi/vec4 1, 0, 1;
    %store/vec4 v0x7fbf5ed111b0_0, 0, 1;
    %pushi/vec4 0, 0, 2;
    %store/vec4 v0x7fbf5ed10ef0_0, 0, 2;
    %load/vec4 v0x7fbf5ed10da0_0;
    %parti/s 5, 7, 4;
    %store/vec4 v0x7fbf5ed11100_0, 0, 5;
    %load/vec4 v0x7fbf5ed10da0_0;
    %parti/s 1, 31, 6;
    %ix/load 4, 20, 0;
    %flag_set/imm 4, 0;
    %store/vec4 v0x7fbf5ed10b40_0, 4, 1;
    %load/vec4 v0x7fbf5ed10da0_0;
    %parti/s 8, 12, 5;
    %ix/load 4, 12, 0;
    %flag_set/imm 4, 0;
    %store/vec4 v0x7fbf5ed10b40_0, 4, 8;
    %load/vec4 v0x7fbf5ed10da0_0;
    %parti/s 1, 20, 6;
    %ix/load 4, 11, 0;
    %flag_set/imm 4, 0;
    %store/vec4 v0x7fbf5ed10b40_0, 4, 1;
    %load/vec4 v0x7fbf5ed10da0_0;
    %parti/s 10, 21, 6;
    %ix/load 4, 1, 0;
    %flag_set/imm 4, 0;
    %store/vec4 v0x7fbf5ed10b40_0, 4, 10;
    %pushi/vec4 0, 0, 1;
    %ix/load 4, 0, 0;
    %flag_set/imm 4, 0;
    %store/vec4 v0x7fbf5ed10b40_0, 4, 1;
    %load/vec4 v0x7fbf5ed10b40_0;
    %parti/s 1, 20, 6;
    %pad/u 32;
    %cmpi/e 0, 0, 32;
    %jmp/0xz  T_1.10, 4;
    %pushi/vec4 0, 0, 11;
    %ix/load 4, 21, 0;
    %flag_set/imm 4, 0;
    %store/vec4 v0x7fbf5ed10b40_0, 4, 11;
    %jmp T_1.11;
T_1.10 ;
    %pushi/vec4 2047, 0, 11;
    %ix/load 4, 21, 0;
    %flag_set/imm 4, 0;
    %store/vec4 v0x7fbf5ed10b40_0, 4, 11;
T_1.11 ;
    %pushi/vec4 0, 0, 1;
    %store/vec4 v0x7fbf5ed10bf0_0, 0, 1;
    %pushi/vec4 1, 0, 1;
    %store/vec4 v0x7fbf5ed10c90_0, 0, 1;
    %jmp T_1.9;
T_1.3 ;
    %pushi/vec4 1, 0, 1;
    %store/vec4 v0x7fbf5ed107b0_0, 0, 1;
    %pushi/vec4 0, 0, 4;
    %store/vec4 v0x7fbf5ed00710_0, 0, 4;
    %pushi/vec4 1, 0, 1;
    %store/vec4 v0x7fbf5ed10aa0_0, 0, 1;
    %pushi/vec4 0, 0, 1;
    %store/vec4 v0x7fbf5ed10910_0, 0, 1;
    %pushi/vec4 1, 0, 1;
    %store/vec4 v0x7fbf5ed111b0_0, 0, 1;
    %pushi/vec4 0, 0, 2;
    %store/vec4 v0x7fbf5ed10ef0_0, 0, 2;
    %load/vec4 v0x7fbf5ed10da0_0;
    %parti/s 5, 15, 5;
    %store/vec4 v0x7fbf5ed10fa0_0, 0, 5;
    %load/vec4 v0x7fbf5ed10da0_0;
    %parti/s 5, 7, 4;
    %store/vec4 v0x7fbf5ed11100_0, 0, 5;
    %load/vec4 v0x7fbf5ed10da0_0;
    %parti/s 12, 20, 6;
    %ix/load 4, 0, 0;
    %flag_set/imm 4, 0;
    %store/vec4 v0x7fbf5ed10b40_0, 4, 12;
    %load/vec4 v0x7fbf5ed10b40_0;
    %parti/s 1, 11, 5;
    %pad/u 32;
    %cmpi/e 0, 0, 32;
    %jmp/0xz  T_1.12, 4;
    %pushi/vec4 0, 0, 20;
    %ix/load 4, 12, 0;
    %flag_set/imm 4, 0;
    %store/vec4 v0x7fbf5ed10b40_0, 4, 20;
    %jmp T_1.13;
T_1.12 ;
    %pushi/vec4 1048575, 0, 20;
    %ix/load 4, 12, 0;
    %flag_set/imm 4, 0;
    %store/vec4 v0x7fbf5ed10b40_0, 4, 20;
T_1.13 ;
    %pushi/vec4 1, 0, 1;
    %store/vec4 v0x7fbf5ed10bf0_0, 0, 1;
    %pushi/vec4 1, 0, 1;
    %store/vec4 v0x7fbf5ed10c90_0, 0, 1;
    %jmp T_1.9;
T_1.4 ;
    %pushi/vec4 0, 0, 1;
    %store/vec4 v0x7fbf5ed107b0_0, 0, 1;
    %pushi/vec4 0, 0, 4;
    %store/vec4 v0x7fbf5ed00710_0, 0, 4;
    %pushi/vec4 1, 0, 1;
    %store/vec4 v0x7fbf5ed10aa0_0, 0, 1;
    %pushi/vec4 1, 0, 1;
    %store/vec4 v0x7fbf5ed10910_0, 0, 1;
    %pushi/vec4 0, 0, 1;
    %store/vec4 v0x7fbf5ed111b0_0, 0, 1;
    %load/vec4 v0x7fbf5ed10da0_0;
    %parti/s 5, 15, 5;
    %store/vec4 v0x7fbf5ed10fa0_0, 0, 5;
    %load/vec4 v0x7fbf5ed10da0_0;
    %parti/s 5, 20, 6;
    %store/vec4 v0x7fbf5ed11050_0, 0, 5;
    %pushi/vec4 0, 0, 1;
    %ix/load 4, 0, 0;
    %flag_set/imm 4, 0;
    %store/vec4 v0x7fbf5ed10b40_0, 4, 1;
    %load/vec4 v0x7fbf5ed10da0_0;
    %parti/s 4, 8, 5;
    %ix/load 4, 1, 0;
    %flag_set/imm 4, 0;
    %store/vec4 v0x7fbf5ed10b40_0, 4, 4;
    %load/vec4 v0x7fbf5ed10da0_0;
    %parti/s 6, 25, 6;
    %ix/load 4, 5, 0;
    %flag_set/imm 4, 0;
    %store/vec4 v0x7fbf5ed10b40_0, 4, 6;
    %load/vec4 v0x7fbf5ed10da0_0;
    %parti/s 1, 7, 4;
    %ix/load 4, 11, 0;
    %flag_set/imm 4, 0;
    %store/vec4 v0x7fbf5ed10b40_0, 4, 1;
    %load/vec4 v0x7fbf5ed10da0_0;
    %parti/s 1, 31, 6;
    %ix/load 4, 12, 0;
    %flag_set/imm 4, 0;
    %store/vec4 v0x7fbf5ed10b40_0, 4, 1;
    %load/vec4 v0x7fbf5ed10b40_0;
    %parti/s 1, 12, 5;
    %pad/u 32;
    %cmpi/e 0, 0, 32;
    %jmp/0xz  T_1.14, 4;
    %pushi/vec4 0, 0, 19;
    %ix/load 4, 13, 0;
    %flag_set/imm 4, 0;
    %store/vec4 v0x7fbf5ed10b40_0, 4, 19;
    %jmp T_1.15;
T_1.14 ;
    %pushi/vec4 1, 0, 19;
    %ix/load 4, 13, 0;
    %flag_set/imm 4, 0;
    %store/vec4 v0x7fbf5ed10b40_0, 4, 19;
T_1.15 ;
    %pushi/vec4 0, 0, 1;
    %store/vec4 v0x7fbf5ed10bf0_0, 0, 1;
    %pushi/vec4 0, 0, 1;
    %store/vec4 v0x7fbf5ed10c90_0, 0, 1;
    %load/vec4 v0x7fbf5ed10da0_0;
    %parti/s 3, 12, 5;
    %dup/vec4;
    %pushi/vec4 0, 0, 3;
    %cmp/u;
    %jmp/1 T_1.16, 6;
    %dup/vec4;
    %pushi/vec4 1, 0, 3;
    %cmp/u;
    %jmp/1 T_1.17, 6;
    %dup/vec4;
    %pushi/vec4 4, 0, 3;
    %cmp/u;
    %jmp/1 T_1.18, 6;
    %dup/vec4;
    %pushi/vec4 5, 0, 3;
    %cmp/u;
    %jmp/1 T_1.19, 6;
    %dup/vec4;
    %pushi/vec4 6, 0, 3;
    %cmp/u;
    %jmp/1 T_1.20, 6;
    %dup/vec4;
    %pushi/vec4 7, 0, 3;
    %cmp/u;
    %jmp/1 T_1.21, 6;
    %jmp T_1.22;
T_1.16 ;
    %pushi/vec4 10, 0, 4;
    %store/vec4 v0x7fbf5ed10850_0, 0, 4;
    %jmp T_1.22;
T_1.17 ;
    %pushi/vec4 11, 0, 4;
    %store/vec4 v0x7fbf5ed10850_0, 0, 4;
    %jmp T_1.22;
T_1.18 ;
    %pushi/vec4 12, 0, 4;
    %store/vec4 v0x7fbf5ed10850_0, 0, 4;
    %jmp T_1.22;
T_1.19 ;
    %pushi/vec4 13, 0, 4;
    %store/vec4 v0x7fbf5ed10850_0, 0, 4;
    %jmp T_1.22;
T_1.20 ;
    %pushi/vec4 14, 0, 4;
    %store/vec4 v0x7fbf5ed10850_0, 0, 4;
    %jmp T_1.22;
T_1.21 ;
    %pushi/vec4 15, 0, 4;
    %store/vec4 v0x7fbf5ed10850_0, 0, 4;
    %jmp T_1.22;
T_1.22 ;
    %pop/vec4 1;
    %jmp T_1.9;
T_1.5 ;
    %pushi/vec4 1, 0, 1;
    %store/vec4 v0x7fbf5ed107b0_0, 0, 1;
    %pushi/vec4 0, 0, 4;
    %store/vec4 v0x7fbf5ed00710_0, 0, 4;
    %pushi/vec4 1, 0, 1;
    %store/vec4 v0x7fbf5ed10aa0_0, 0, 1;
    %pushi/vec4 0, 0, 1;
    %store/vec4 v0x7fbf5ed10910_0, 0, 1;
    %pushi/vec4 1, 0, 1;
    %store/vec4 v0x7fbf5ed111b0_0, 0, 1;
    %pushi/vec4 2, 0, 2;
    %store/vec4 v0x7fbf5ed10ef0_0, 0, 2;
    %load/vec4 v0x7fbf5ed10da0_0;
    %parti/s 3, 12, 5;
    %store/vec4 v0x7fbf5ed10e40_0, 0, 3;
    %load/vec4 v0x7fbf5ed10da0_0;
    %parti/s 5, 15, 5;
    %store/vec4 v0x7fbf5ed10fa0_0, 0, 5;
    %load/vec4 v0x7fbf5ed10da0_0;
    %parti/s 5, 7, 4;
    %store/vec4 v0x7fbf5ed11100_0, 0, 5;
    %load/vec4 v0x7fbf5ed10da0_0;
    %parti/s 12, 20, 6;
    %ix/load 4, 0, 0;
    %flag_set/imm 4, 0;
    %store/vec4 v0x7fbf5ed10b40_0, 4, 12;
    %load/vec4 v0x7fbf5ed10b40_0;
    %parti/s 1, 11, 5;
    %pad/u 32;
    %cmpi/e 0, 0, 32;
    %jmp/0xz  T_1.23, 4;
    %pushi/vec4 0, 0, 20;
    %ix/load 4, 12, 0;
    %flag_set/imm 4, 0;
    %store/vec4 v0x7fbf5ed10b40_0, 4, 20;
    %jmp T_1.24;
T_1.23 ;
    %pushi/vec4 1048575, 0, 20;
    %ix/load 4, 12, 0;
    %flag_set/imm 4, 0;
    %store/vec4 v0x7fbf5ed10b40_0, 4, 20;
T_1.24 ;
    %pushi/vec4 0, 0, 1;
    %store/vec4 v0x7fbf5ed10bf0_0, 0, 1;
    %pushi/vec4 0, 0, 1;
    %store/vec4 v0x7fbf5ed10c90_0, 0, 1;
    %jmp T_1.9;
T_1.6 ;
    %pushi/vec4 1, 0, 1;
    %store/vec4 v0x7fbf5ed107b0_0, 0, 1;
    %pushi/vec4 0, 0, 4;
    %store/vec4 v0x7fbf5ed00710_0, 0, 4;
    %pushi/vec4 0, 0, 1;
    %store/vec4 v0x7fbf5ed10aa0_0, 0, 1;
    %pushi/vec4 0, 0, 1;
    %store/vec4 v0x7fbf5ed10910_0, 0, 1;
    %pushi/vec4 0, 0, 1;
    %store/vec4 v0x7fbf5ed111b0_0, 0, 1;
    %load/vec4 v0x7fbf5ed10da0_0;
    %parti/s 5, 15, 5;
    %store/vec4 v0x7fbf5ed10fa0_0, 0, 5;
    %load/vec4 v0x7fbf5ed10da0_0;
    %parti/s 5, 20, 6;
    %store/vec4 v0x7fbf5ed11050_0, 0, 5;
    %load/vec4 v0x7fbf5ed10da0_0;
    %parti/s 5, 7, 4;
    %ix/load 4, 0, 0;
    %flag_set/imm 4, 0;
    %store/vec4 v0x7fbf5ed10b40_0, 4, 5;
    %load/vec4 v0x7fbf5ed10da0_0;
    %parti/s 7, 25, 6;
    %ix/load 4, 5, 0;
    %flag_set/imm 4, 0;
    %store/vec4 v0x7fbf5ed10b40_0, 4, 7;
    %load/vec4 v0x7fbf5ed10b40_0;
    %parti/s 1, 11, 5;
    %pad/u 32;
    %cmpi/e 0, 0, 32;
    %jmp/0xz  T_1.25, 4;
    %pushi/vec4 0, 0, 20;
    %ix/load 4, 12, 0;
    %flag_set/imm 4, 0;
    %store/vec4 v0x7fbf5ed10b40_0, 4, 20;
    %jmp T_1.26;
T_1.25 ;
    %pushi/vec4 1048575, 0, 20;
    %ix/load 4, 12, 0;
    %flag_set/imm 4, 0;
    %store/vec4 v0x7fbf5ed10b40_0, 4, 20;
T_1.26 ;
    %pushi/vec4 0, 0, 1;
    %store/vec4 v0x7fbf5ed10bf0_0, 0, 1;
    %pushi/vec4 0, 0, 1;
    %store/vec4 v0x7fbf5ed10c90_0, 0, 1;
    %load/vec4 v0x7fbf5ed10da0_0;
    %parti/s 3, 12, 5;
    %dup/vec4;
    %pushi/vec4 0, 0, 3;
    %cmp/u;
    %jmp/1 T_1.27, 6;
    %dup/vec4;
    %pushi/vec4 1, 0, 3;
    %cmp/u;
    %jmp/1 T_1.28, 6;
    %dup/vec4;
    %pushi/vec4 2, 0, 3;
    %cmp/u;
    %jmp/1 T_1.29, 6;
    %jmp T_1.30;
T_1.27 ;
    %pushi/vec4 1, 0, 4;
    %store/vec4 v0x7fbf5ed109b0_0, 0, 4;
    %jmp T_1.30;
T_1.28 ;
    %pushi/vec4 3, 0, 4;
    %store/vec4 v0x7fbf5ed109b0_0, 0, 4;
    %jmp T_1.30;
T_1.29 ;
    %pushi/vec4 15, 0, 4;
    %store/vec4 v0x7fbf5ed109b0_0, 0, 4;
    %jmp T_1.30;
T_1.30 ;
    %pop/vec4 1;
    %jmp T_1.9;
T_1.7 ;
    %pushi/vec4 1, 0, 1;
    %store/vec4 v0x7fbf5ed107b0_0, 0, 1;
    %pushi/vec4 1, 0, 1;
    %store/vec4 v0x7fbf5ed10aa0_0, 0, 1;
    %pushi/vec4 0, 0, 1;
    %store/vec4 v0x7fbf5ed10910_0, 0, 1;
    %pushi/vec4 1, 0, 1;
    %store/vec4 v0x7fbf5ed111b0_0, 0, 1;
    %pushi/vec4 1, 0, 2;
    %store/vec4 v0x7fbf5ed10ef0_0, 0, 2;
    %load/vec4 v0x7fbf5ed10da0_0;
    %parti/s 5, 15, 5;
    %store/vec4 v0x7fbf5ed10fa0_0, 0, 5;
    %load/vec4 v0x7fbf5ed10da0_0;
    %parti/s 5, 7, 4;
    %store/vec4 v0x7fbf5ed11100_0, 0, 5;
    %load/vec4 v0x7fbf5ed10da0_0;
    %parti/s 12, 20, 6;
    %ix/load 4, 0, 0;
    %flag_set/imm 4, 0;
    %store/vec4 v0x7fbf5ed10b40_0, 4, 12;
    %load/vec4 v0x7fbf5ed10b40_0;
    %parti/s 1, 11, 5;
    %pad/u 32;
    %cmpi/e 0, 0, 32;
    %jmp/0xz  T_1.31, 4;
    %pushi/vec4 0, 0, 20;
    %ix/load 4, 12, 0;
    %flag_set/imm 4, 0;
    %store/vec4 v0x7fbf5ed10b40_0, 4, 20;
    %jmp T_1.32;
T_1.31 ;
    %pushi/vec4 1048575, 0, 20;
    %ix/load 4, 12, 0;
    %flag_set/imm 4, 0;
    %store/vec4 v0x7fbf5ed10b40_0, 4, 20;
T_1.32 ;
    %pushi/vec4 0, 0, 1;
    %store/vec4 v0x7fbf5ed10bf0_0, 0, 1;
    %pushi/vec4 0, 0, 1;
    %store/vec4 v0x7fbf5ed10c90_0, 0, 1;
    %load/vec4 v0x7fbf5ed10da0_0;
    %parti/s 3, 12, 5;
    %dup/vec4;
    %pushi/vec4 0, 0, 3;
    %cmp/u;
    %jmp/1 T_1.33, 6;
    %dup/vec4;
    %pushi/vec4 2, 0, 3;
    %cmp/u;
    %jmp/1 T_1.34, 6;
    %dup/vec4;
    %pushi/vec4 3, 0, 3;
    %cmp/u;
    %jmp/1 T_1.35, 6;
    %dup/vec4;
    %pushi/vec4 4, 0, 3;
    %cmp/u;
    %jmp/1 T_1.36, 6;
    %dup/vec4;
    %pushi/vec4 6, 0, 3;
    %cmp/u;
    %jmp/1 T_1.37, 6;
    %dup/vec4;
    %pushi/vec4 7, 0, 3;
    %cmp/u;
    %jmp/1 T_1.38, 6;
    %dup/vec4;
    %pushi/vec4 1, 0, 3;
    %cmp/u;
    %jmp/1 T_1.39, 6;
    %dup/vec4;
    %pushi/vec4 5, 0, 3;
    %cmp/u;
    %jmp/1 T_1.40, 6;
    %jmp T_1.41;
T_1.33 ;
    %pushi/vec4 0, 0, 4;
    %store/vec4 v0x7fbf5ed00710_0, 0, 4;
    %jmp T_1.41;
T_1.34 ;
    %pushi/vec4 3, 0, 4;
    %store/vec4 v0x7fbf5ed00710_0, 0, 4;
    %jmp T_1.41;
T_1.35 ;
    %pushi/vec4 4, 0, 4;
    %store/vec4 v0x7fbf5ed00710_0, 0, 4;
    %jmp T_1.41;
T_1.36 ;
    %pushi/vec4 5, 0, 4;
    %store/vec4 v0x7fbf5ed00710_0, 0, 4;
    %jmp T_1.41;
T_1.37 ;
    %pushi/vec4 8, 0, 4;
    %store/vec4 v0x7fbf5ed00710_0, 0, 4;
    %jmp T_1.41;
T_1.38 ;
    %pushi/vec4 9, 0, 4;
    %store/vec4 v0x7fbf5ed00710_0, 0, 4;
    %jmp T_1.41;
T_1.39 ;
    %pushi/vec4 2, 0, 4;
    %store/vec4 v0x7fbf5ed00710_0, 0, 4;
    %jmp T_1.41;
T_1.40 ;
    %load/vec4 v0x7fbf5ed10da0_0;
    %parti/s 7, 25, 6;
    %cmpi/e 0, 0, 7;
    %jmp/0xz  T_1.42, 4;
    %pushi/vec4 6, 0, 4;
    %store/vec4 v0x7fbf5ed00710_0, 0, 4;
    %jmp T_1.43;
T_1.42 ;
    %pushi/vec4 7, 0, 4;
    %store/vec4 v0x7fbf5ed00710_0, 0, 4;
T_1.43 ;
    %jmp T_1.41;
T_1.41 ;
    %pop/vec4 1;
    %jmp T_1.9;
T_1.8 ;
    %pushi/vec4 1, 0, 1;
    %store/vec4 v0x7fbf5ed10aa0_0, 0, 1;
    %pushi/vec4 0, 0, 1;
    %store/vec4 v0x7fbf5ed10910_0, 0, 1;
    %pushi/vec4 1, 0, 1;
    %store/vec4 v0x7fbf5ed111b0_0, 0, 1;
    %pushi/vec4 3, 0, 2;
    %store/vec4 v0x7fbf5ed10ef0_0, 0, 2;
    %load/vec4 v0x7fbf5ed10da0_0;
    %parti/s 5, 15, 5;
    %store/vec4 v0x7fbf5ed10fa0_0, 0, 5;
    %load/vec4 v0x7fbf5ed10da0_0;
    %parti/s 5, 20, 6;
    %store/vec4 v0x7fbf5ed11050_0, 0, 5;
    %load/vec4 v0x7fbf5ed10da0_0;
    %parti/s 5, 7, 4;
    %store/vec4 v0x7fbf5ed11100_0, 0, 5;
    %pushi/vec4 0, 0, 1;
    %store/vec4 v0x7fbf5ed10bf0_0, 0, 1;
    %pushi/vec4 0, 0, 1;
    %store/vec4 v0x7fbf5ed10c90_0, 0, 1;
    %load/vec4 v0x7fbf5ed10da0_0;
    %parti/s 3, 12, 5;
    %dup/vec4;
    %pushi/vec4 0, 0, 3;
    %cmp/u;
    %jmp/1 T_1.44, 6;
    %dup/vec4;
    %pushi/vec4 1, 0, 3;
    %cmp/u;
    %jmp/1 T_1.45, 6;
    %dup/vec4;
    %pushi/vec4 2, 0, 3;
    %cmp/u;
    %jmp/1 T_1.46, 6;
    %dup/vec4;
    %pushi/vec4 3, 0, 3;
    %cmp/u;
    %jmp/1 T_1.47, 6;
    %dup/vec4;
    %pushi/vec4 4, 0, 3;
    %cmp/u;
    %jmp/1 T_1.48, 6;
    %dup/vec4;
    %pushi/vec4 5, 0, 3;
    %cmp/u;
    %jmp/1 T_1.49, 6;
    %dup/vec4;
    %pushi/vec4 6, 0, 3;
    %cmp/u;
    %jmp/1 T_1.50, 6;
    %dup/vec4;
    %pushi/vec4 7, 0, 3;
    %cmp/u;
    %jmp/1 T_1.51, 6;
    %jmp T_1.52;
T_1.44 ;
    %load/vec4 v0x7fbf5ed10da0_0;
    %parti/s 7, 25, 6;
    %cmpi/e 0, 0, 7;
    %jmp/0xz  T_1.53, 4;
    %pushi/vec4 0, 0, 4;
    %store/vec4 v0x7fbf5ed10850_0, 0, 4;
    %jmp T_1.54;
T_1.53 ;
    %pushi/vec4 1, 0, 4;
    %store/vec4 v0x7fbf5ed10850_0, 0, 4;
T_1.54 ;
    %jmp T_1.52;
T_1.45 ;
    %pushi/vec4 2, 0, 4;
    %store/vec4 v0x7fbf5ed10850_0, 0, 4;
    %jmp T_1.52;
T_1.46 ;
    %pushi/vec4 3, 0, 4;
    %store/vec4 v0x7fbf5ed10850_0, 0, 4;
    %jmp T_1.52;
T_1.47 ;
    %pushi/vec4 4, 0, 4;
    %store/vec4 v0x7fbf5ed10850_0, 0, 4;
    %jmp T_1.52;
T_1.48 ;
    %pushi/vec4 5, 0, 4;
    %store/vec4 v0x7fbf5ed10850_0, 0, 4;
    %jmp T_1.52;
T_1.49 ;
    %load/vec4 v0x7fbf5ed10da0_0;
    %parti/s 7, 25, 6;
    %cmpi/e 0, 0, 7;
    %jmp/0xz  T_1.55, 4;
    %pushi/vec4 6, 0, 4;
    %store/vec4 v0x7fbf5ed10850_0, 0, 4;
    %jmp T_1.56;
T_1.55 ;
    %pushi/vec4 7, 0, 4;
    %store/vec4 v0x7fbf5ed10850_0, 0, 4;
T_1.56 ;
    %jmp T_1.52;
T_1.50 ;
    %pushi/vec4 8, 0, 4;
    %store/vec4 v0x7fbf5ed10850_0, 0, 4;
    %jmp T_1.52;
T_1.51 ;
    %pushi/vec4 9, 0, 4;
    %store/vec4 v0x7fbf5ed10850_0, 0, 4;
    %jmp T_1.52;
T_1.52 ;
    %pop/vec4 1;
    %jmp T_1.9;
T_1.9 ;
    %pop/vec4 1;
    %jmp T_1;
    .thread T_1, $push;
# The file index is used to find the file name in the following table.
:file_names 3;
    "N/A";
    "<interactive>";
    "controller.v";
